0 info it worked if it ends with ok
1 verbose cli [ '/usr/bin/nodejs',
1 verbose cli   '/usr/bin/npm',
1 verbose cli   'install',
1 verbose cli   '-g',
1 verbose cli   'react-360-cli' ]
2 info using npm@1.3.10
3 info using node@v0.10.25
4 verbose cache add [ 'react-360-cli', null ]
5 verbose cache add name=undefined spec="react-360-cli" args=["react-360-cli",null]
6 verbose parsed url { protocol: null,
6 verbose parsed url   slashes: null,
6 verbose parsed url   auth: null,
6 verbose parsed url   host: null,
6 verbose parsed url   port: null,
6 verbose parsed url   hostname: null,
6 verbose parsed url   hash: null,
6 verbose parsed url   search: null,
6 verbose parsed url   query: null,
6 verbose parsed url   pathname: 'react-360-cli',
6 verbose parsed url   path: 'react-360-cli',
6 verbose parsed url   href: 'react-360-cli' }
7 silly lockFile b3c1af2a-react-360-cli react-360-cli
8 verbose lock react-360-cli /home/paulcy/.npm/b3c1af2a-react-360-cli.lock
9 silly lockFile b3c1af2a-react-360-cli react-360-cli
10 silly lockFile b3c1af2a-react-360-cli react-360-cli
11 verbose addNamed [ 'react-360-cli', '' ]
12 verbose addNamed [ null, '*' ]
13 silly lockFile 746abd44-react-360-cli react-360-cli@
14 verbose lock react-360-cli@ /home/paulcy/.npm/746abd44-react-360-cli.lock
15 silly addNameRange { name: 'react-360-cli', range: '*', hasData: false }
16 verbose url raw react-360-cli
17 verbose url resolving [ 'https://registry.npmjs.org/', './react-360-cli' ]
18 verbose url resolved https://registry.npmjs.org/react-360-cli
19 info trying registry request attempt 1 at 20:26:57
20 http GET https://registry.npmjs.org/react-360-cli
21 info retry will retry, error on last attempt: Error: CERT_UNTRUSTED
22 info trying registry request attempt 2 at 20:27:07
23 http GET https://registry.npmjs.org/react-360-cli
24 info retry will retry, error on last attempt: Error: CERT_UNTRUSTED
25 info trying registry request attempt 3 at 20:28:07
26 http GET https://registry.npmjs.org/react-360-cli
27 silly lockFile 746abd44-react-360-cli react-360-cli@
28 silly lockFile 746abd44-react-360-cli react-360-cli@
29 error Error: CERT_UNTRUSTED
29 error     at SecurePair.<anonymous> (tls.js:1370:32)
29 error     at SecurePair.EventEmitter.emit (events.js:92:17)
29 error     at SecurePair.maybeInitFinished (tls.js:982:10)
29 error     at CleartextStream.read [as _read] (tls.js:469:13)
29 error     at CleartextStream.Readable.read (_stream_readable.js:320:10)
29 error     at EncryptedStream.write [as _write] (tls.js:366:25)
29 error     at doWrite (_stream_writable.js:223:10)
29 error     at writeOrBuffer (_stream_writable.js:213:5)
29 error     at EncryptedStream.Writable.write (_stream_writable.js:180:11)
29 error     at write (_stream_readable.js:583:24)
30 error If you need help, you may report this log at:
30 error     <http://github.com/isaacs/npm/issues>
30 error or email it to:
30 error     <npm-@googlegroups.com>
31 error System Linux 4.4.0-142-generic
32 error command "/usr/bin/nodejs" "/usr/bin/npm" "install" "-g" "react-360-cli"
33 error cwd /home/paulcy/Desktop/cube/PaulcyMboungou.github.io/SuperFuture92.github.io
34 error node -v v0.10.25
35 error npm -v 1.3.10
36 verbose exit [ 1, true ]
